<?xml version="1.0" encoding="UTF-8"?>
<!-- Generated by org.testng.reporters.JUnitReportReporter -->
<testsuite hostname="TYSS-Vijayalaxmi" failures="0" tests="3" name="PracticePackage.Script1Test" time="0.008" errors="0" timestamp="2022-11-23T12:11:54 IST" skipped="0">
  <testcase classname="PracticePackage.Script1Test" name="create" time="0.006"/>
  <system-out/>
  <testcase classname="PracticePackage.Script1Test" name="delete" time="0.001"/>
  <system-out/>
  <testcase classname="PracticePackage.Script1Test" name="update" time="0.001"/>
  <system-out/>
</testsuite> <!-- PracticePackage.Script1Test -->
