<?xml version="1.0" encoding="UTF-8"?>
<!-- Generated by org.testng.reporters.JUnitReportReporter -->
<testsuite hostname="TYSS-Vijayalaxmi" failures="0" tests="3" name="PracticePackage.Script2Test" time="0.003" errors="0" timestamp="2022-11-23T12:11:54 IST" skipped="0">
  <testcase classname="PracticePackage.Script2Test" name="simple3" time="0.001"/>
  <system-out/>
  <testcase classname="PracticePackage.Script2Test" name="simple2" time="0.001"/>
  <system-out/>
  <testcase classname="PracticePackage.Script2Test" name="simple1" time="0.001"/>
  <system-out/>
</testsuite> <!-- PracticePackage.Script2Test -->
