<?xml version="1.0" encoding="UTF-8"?>
<!-- Generated by org.testng.reporters.JUnitReportReporter -->
<testsuite skipped="0" hostname="TYSS-Vijayalaxmi" name="PracticePackage.ReadDataFromCmdLine" tests="1" failures="0" timestamp="2022-11-17T15:26:04 IST" time="0.006" errors="0">
  <testcase name="readDataFromCmdLine" time="0.006" classname="PracticePackage.ReadDataFromCmdLine"/>
  <system-out/>
</testsuite> <!-- PracticePackage.ReadDataFromCmdLine -->
