<?xml version="1.0" encoding="UTF-8"?>
<!-- Generated by org.testng.reporters.JUnitReportReporter -->
<testsuite skipped="0" hostname="TYSS-Vijayalaxmi" name="PracticePackage.Script1Test" tests="1" failures="0" timestamp="2022-11-24T12:59:52 IST" time="0.006" errors="0">
  <testcase name="update" time="0.006" classname="PracticePackage.Script1Test"/>
  <system-out/>
</testsuite> <!-- PracticePackage.Script1Test -->
