<?xml version="1.0" encoding="UTF-8"?>
<!-- Generated by org.testng.reporters.JUnitReportReporter -->
<testsuite skipped="0" hostname="TYSS-Vijayalaxmi" name="PracticePackage.Script2Test" tests="1" failures="0" timestamp="2022-11-24T12:59:52 IST" time="0.001" errors="0">
  <testcase name="test1" time="0.001" classname="PracticePackage.Script2Test"/>
  <system-out/>
</testsuite> <!-- PracticePackage.Script2Test -->
