<?xml version="1.0" encoding="UTF-8"?>
<!-- Generated by org.testng.reporters.JUnitReportReporter -->
<testsuite skipped="0" hostname="TYSS-Vijayalaxmi" name="PracticePackage.ReadDataFromCmdLineTest" tests="1" failures="0" timestamp="2022-11-17T15:34:10 IST" time="0.003" errors="0">
  <testcase name="readDataFromCmdLine" time="0.003" classname="PracticePackage.ReadDataFromCmdLineTest"/>
  <system-out/>
</testsuite> <!-- PracticePackage.ReadDataFromCmdLineTest -->
