<?xml version="1.0" encoding="UTF-8"?>
<!-- Generated by org.testng.reporters.JUnitReportReporter -->
<testsuite skipped="0" hostname="TYSS-Vijayalaxmi" name="PracticePackage.Script1Test" tests="3" failures="0" timestamp="2022-11-17T15:34:10 IST" time="0.001" errors="0">
  <testcase name="create" time="0.000" classname="PracticePackage.Script1Test"/>
  <system-out/>
  <testcase name="delete" time="0.000" classname="PracticePackage.Script1Test"/>
  <system-out/>
  <testcase name="update" time="0.001" classname="PracticePackage.Script1Test"/>
  <system-out/>
</testsuite> <!-- PracticePackage.Script1Test -->
