<?xml version="1.0" encoding="UTF-8"?>
<!-- Generated by org.testng.reporters.JUnitReportReporter -->
<testsuite skipped="0" hostname="TYSS-Vijayalaxmi" name="PracticePackage.Script3Test" tests="3" failures="0" timestamp="2022-11-17T15:34:10 IST" time="0.000" errors="0">
  <testcase name="sample2" time="0.000" classname="PracticePackage.Script3Test"/>
  <system-out/>
  <testcase name="sample1" time="0.000" classname="PracticePackage.Script3Test"/>
  <system-out/>
  <testcase name="sample3" time="0.000" classname="PracticePackage.Script3Test"/>
  <system-out/>
</testsuite> <!-- PracticePackage.Script3Test -->
